0 info it worked if it ends with ok
1 verbose cli [ '/usr/bin/node',
1 verbose cli   '/usr/bin/npm',
1 verbose cli   'install',
1 verbose cli   '-g',
1 verbose cli   'generator-ng-component' ]
2 info using npm@1.4.28
3 info using node@v0.10.32
4 verbose node symlink /usr/bin/node
5 verbose cache add [ 'generator-ng-component', null ]
6 verbose cache add name=undefined spec="generator-ng-component" args=["generator-ng-component",null]
7 verbose parsed url { protocol: null,
7 verbose parsed url   slashes: null,
7 verbose parsed url   auth: null,
7 verbose parsed url   host: null,
7 verbose parsed url   port: null,
7 verbose parsed url   hostname: null,
7 verbose parsed url   hash: null,
7 verbose parsed url   search: null,
7 verbose parsed url   query: null,
7 verbose parsed url   pathname: 'generator-ng-component',
7 verbose parsed url   path: 'generator-ng-component',
7 verbose parsed url   href: 'generator-ng-component' }
8 silly lockFile 1d1252c3-generator-ng-component generator-ng-component
9 verbose lock generator-ng-component /home/rumman/.npm/1d1252c3-generator-ng-component.lock
10 silly lockFile 1d1252c3-generator-ng-component generator-ng-component
11 silly lockFile 1d1252c3-generator-ng-component generator-ng-component
12 verbose addNamed [ 'generator-ng-component', '' ]
13 verbose addNamed [ null, '*' ]
14 silly lockFile d87c777f-generator-ng-component generator-ng-component@
15 verbose lock generator-ng-component@ /home/rumman/.npm/d87c777f-generator-ng-component.lock
16 silly addNameRange { name: 'generator-ng-component', range: '*', hasData: false }
17 verbose request where is /generator-ng-component
18 verbose request registry https://registry.npmjs.org/
19 verbose request id c9d7e136a30fdd50
20 verbose url raw /generator-ng-component
21 verbose url resolving [ 'https://registry.npmjs.org/', './generator-ng-component' ]
22 verbose url resolved https://registry.npmjs.org/generator-ng-component
23 verbose request where is https://registry.npmjs.org/generator-ng-component
24 info trying registry request attempt 1 at 23:07:26
25 verbose etag "DUYAENL8UMFNJ8KUYP2GVCN14"
26 http GET https://registry.npmjs.org/generator-ng-component
27 http 304 https://registry.npmjs.org/generator-ng-component
28 silly registry.get cb [ 304,
28 silly registry.get   { date: 'Tue, 02 Dec 2014 12:07:26 GMT',
28 silly registry.get     server: 'Apache',
28 silly registry.get     via: '1.1 varnish',
28 silly registry.get     'last-modified': 'Tue, 02 Dec 2014 12:07:26 GMT',
28 silly registry.get     'cache-control': 'max-age=60',
28 silly registry.get     etag: '"DUYAENL8UMFNJ8KUYP2GVCN14"',
28 silly registry.get     age: '0',
28 silly registry.get     'x-served-by': 'cache-syd1620-SYD',
28 silly registry.get     'x-cache': 'MISS',
28 silly registry.get     'x-cache-hits': '0',
28 silly registry.get     'x-timer': 'S1417522046.561630,VS0,VE233',
28 silly registry.get     vary: 'Accept',
28 silly registry.get     'content-length': '0',
28 silly registry.get     'keep-alive': 'timeout=10, max=50',
28 silly registry.get     connection: 'Keep-Alive' } ]
29 verbose etag https://registry.npmjs.org/generator-ng-component from cache
30 silly addNameRange number 2 { name: 'generator-ng-component', range: '*', hasData: true }
31 silly addNameRange versions [ 'generator-ng-component',
31 silly addNameRange   [ '0.0.1-rc1',
31 silly addNameRange     '0.0.1',
31 silly addNameRange     '0.0.2',
31 silly addNameRange     '0.0.3',
31 silly addNameRange     '0.0.4',
31 silly addNameRange     '0.0.5',
31 silly addNameRange     '0.0.6',
31 silly addNameRange     '0.0.7',
31 silly addNameRange     '0.0.8',
31 silly addNameRange     '0.0.9',
31 silly addNameRange     '0.0.10' ] ]
32 verbose addNamed [ 'generator-ng-component', '0.0.10' ]
33 verbose addNamed [ '0.0.10', '0.0.10' ]
34 silly lockFile 0a3abe98-generator-ng-component-0-0-10 generator-ng-component@0.0.10
35 verbose lock generator-ng-component@0.0.10 /home/rumman/.npm/0a3abe98-generator-ng-component-0-0-10.lock
36 silly lockFile 0a3abe98-generator-ng-component-0-0-10 generator-ng-component@0.0.10
37 silly lockFile 0a3abe98-generator-ng-component-0-0-10 generator-ng-component@0.0.10
38 silly lockFile d87c777f-generator-ng-component generator-ng-component@
39 silly lockFile d87c777f-generator-ng-component generator-ng-component@
40 silly resolved [ { name: 'generator-ng-component',
40 silly resolved     version: '0.0.10',
40 silly resolved     description: 'Yeoman generator',
40 silly resolved     license: 'MIT',
40 silly resolved     main: 'app/index.js',
40 silly resolved     repository:
40 silly resolved      { type: 'git',
40 silly resolved        url: 'git://github.com/DaftMonk/generator-ng-component' },
40 silly resolved     author: { name: 'Tyler Henkel', url: 'https://github.com/DaftMonk' },
40 silly resolved     engines: { node: '>=0.10.0' },
40 silly resolved     scripts: { test: 'mocha' },
40 silly resolved     keywords: [ 'yeoman-generator' ],
40 silly resolved     dependencies: { 'yeoman-generator': '~0.17.0', chalk: '~0.4.0' },
40 silly resolved     devDependencies:
40 silly resolved      { chai: '^1.9.1',
40 silly resolved        grunt: '^0.4.4',
40 silly resolved        'grunt-contrib-jshint': '^0.10.0',
40 silly resolved        'grunt-contrib-watch': '^0.6.1',
40 silly resolved        'grunt-mocha-test': '^0.10.2',
40 silly resolved        'grunt-release': '^0.7.0',
40 silly resolved        mocha: '*' },
40 silly resolved     peerDependencies: { yo: '>=1.0.0' },
40 silly resolved     bugs: { url: 'https://github.com/DaftMonk/generator-ng-component/issues' },
40 silly resolved     homepage: 'https://github.com/DaftMonk/generator-ng-component',
40 silly resolved     _id: 'generator-ng-component@0.0.10',
40 silly resolved     _shasum: 'f977e4bedd1fd6d944ec27b4ff291b6c711ee111',
40 silly resolved     _from: 'generator-ng-component@',
40 silly resolved     _npmVersion: '1.4.10',
40 silly resolved     _npmUser: { name: 'daftmonk', email: 'tylerhenkel@hotmail.com' },
40 silly resolved     maintainers: [ [Object] ],
40 silly resolved     dist:
40 silly resolved      { shasum: 'f977e4bedd1fd6d944ec27b4ff291b6c711ee111',
40 silly resolved        tarball: 'http://registry.npmjs.org/generator-ng-component/-/generator-ng-component-0.0.10.tgz' },
40 silly resolved     directories: {},
40 silly resolved     _resolved: 'https://registry.npmjs.org/generator-ng-component/-/generator-ng-component-0.0.10.tgz',
40 silly resolved     readme: 'ERROR: No README data found!' } ]
41 info install generator-ng-component@0.0.10 into /home/rumman/.npm/lib
42 info installOne generator-ng-component@0.0.10
43 verbose lib/node_modules/generator-ng-component unbuild
44 verbose tar unpack /home/rumman/.npm/generator-ng-component/0.0.10/package.tgz
45 silly lockFile a0642358-e-modules-generator-ng-component tar:///home/rumman/.npm/lib/node_modules/generator-ng-component
46 verbose lock tar:///home/rumman/.npm/lib/node_modules/generator-ng-component /home/rumman/.npm/a0642358-e-modules-generator-ng-component.lock
47 silly lockFile 77cc419a--ng-component-0-0-10-package-tgz tar:///home/rumman/.npm/generator-ng-component/0.0.10/package.tgz
48 verbose lock tar:///home/rumman/.npm/generator-ng-component/0.0.10/package.tgz /home/rumman/.npm/77cc419a--ng-component-0-0-10-package-tgz.lock
49 silly gunzTarPerm modes [ '775', '664' ]
50 error Error: EACCES, mkdir '/home/rumman/.npm/lib/node_modules/generator-ng-component'
50 error  { [Error: EACCES, mkdir '/home/rumman/.npm/lib/node_modules/generator-ng-component']
50 error   errno: 3,
50 error   code: 'EACCES',
50 error   path: '/home/rumman/.npm/lib/node_modules/generator-ng-component',
50 error   fstream_type: 'Directory',
50 error   fstream_path: '/home/rumman/.npm/lib/node_modules/generator-ng-component',
50 error   fstream_class: 'DirWriter',
50 error   fstream_stack:
50 error    [ '/usr/lib/node_modules/npm/node_modules/fstream/lib/dir-writer.js:36:23',
50 error      '/usr/lib/node_modules/npm/node_modules/mkdirp/index.js:46:53',
50 error      'Object.oncomplete (fs.js:107:15)' ] }
51 error Please try running this command again as root/Administrator.
52 error System Linux 3.13.0-37-generic
53 error command "/usr/bin/node" "/usr/bin/npm" "install" "-g" "generator-ng-component"
54 error cwd /home/rumman/code/project/d3Data
55 error node -v v0.10.32
56 error npm -v 1.4.28
57 error path /home/rumman/.npm/lib/node_modules/generator-ng-component
58 error fstream_path /home/rumman/.npm/lib/node_modules/generator-ng-component
59 error fstream_type Directory
60 error fstream_class DirWriter
61 error code EACCES
62 error errno 3
63 error stack Error: EACCES, mkdir '/home/rumman/.npm/lib/node_modules/generator-ng-component'
64 error fstream_stack /usr/lib/node_modules/npm/node_modules/fstream/lib/dir-writer.js:36:23
64 error fstream_stack /usr/lib/node_modules/npm/node_modules/mkdirp/index.js:46:53
64 error fstream_stack Object.oncomplete (fs.js:107:15)
65 verbose exit [ 3, true ]
